Arguments: 
  C:\Program Files\nodejs\node.exe C:\Program Files (x86)\Yarn\bin\yarn.js

PATH: 
  C:\Users\nxf90331\bin;C:\Program Files\Git\mingw64\bin;C:\Program Files\Git\usr\local\bin;C:\Program Files\Git\usr\bin;C:\Program Files\Git\usr\bin;C:\Program Files\Git\mingw64\bin;C:\Program Files\Git\usr\bin;C:\Users\nxf90331\bin;C:\Python310\Scripts;C:\Python310;C:\WINDOWS\system32;C:\WINDOWS;C:\WINDOWS\System32\Wbem;C:\WINDOWS\System32\WindowsPowerShell\v1.0;C:\WINDOWS\System32\OpenSSH;C:\Program Files (x86)\RedHat\java-1.8.0-openjdk-1.8.0.275-1\bin;C:\Program Files (x86)\RedHat\java-1.8.0-openjdk-1.8.0.275-1\jre\bin;C:\Program Files\RedHat\java-1.8.0-openjdk-1.8.0.275-1\bin;C:\Program Files\RedHat\java-1.8.0-openjdk-1.8.0.275-1\jre\bin;C:\Program Files (x86)\Pulse Secure\VC142.CRT\X64;C:\Program Files (x86)\Pulse Secure\VC142.CRT\X86;C:\Program Files (x86)\Common Files\Pulse Secure\VC142.CRT\X64;C:\Program Files (x86)\Common Files\Pulse Secure\VC142.CRT\X86;C:\Program Files\nodejs;C:\ProgramData\chocolatey\bin;C:\Program Files\MATLAB\R2022a\runtime\win64;C:\Program Files\MATLAB\R2022a\bin;C:\Program Files (x86)\Yarn\bin;C:\Program Files\Git\cmd;C:\Users\nxf90331\AppData\Local\Microsoft\WindowsApps;C:\Users\nxf90331\AppData\Local\Programs\Microsoft VS Code\bin;C:\Users\nxf90331\AppData\Roaming\npm;C:\Users\nxf90331\AppData\Local\Yarn\bin;C:\Users\nxf90331\Anaconda3\Scripts;C:\Users\nxf90331\Anaconda3;C:\Users\nxf90331\Anaconda3\etc\profile.d\conda.sh;C:\Program Files\Git\usr\bin\vendor_perl;C:\Program Files\Git\usr\bin\core_perl

Yarn version: 
  1.22.19

Node version: 
  16.16.0

Platform: 
  win32 x64

Trace: 
  Error: unable to get local issuer certificate
      at TLSSocket.onConnectSecure (node:_tls_wrap:1532:34)
      at TLSSocket.emit (node:events:527:28)
      at TLSSocket._finishInit (node:_tls_wrap:946:8)
      at TLSWrap.ssl.onhandshakedone (node:_tls_wrap:727:12)

npm manifest: 
  {
    "name": "jskitti",
    "version": "1.1.0",
    "description": "Provides a minimal set of tools for working with the KITTI dataset in Javascript",
    "scripts": {
      "start": "node ./src/index.js",
      "start-debug": "node --inspect-brk ./src/index.js"
    },
    "dependencies": {
      "argparse": "^1.0.10",
      "binary-parser": "^1.3.2",
      "dotty": "^0.1.0",
      "glob": "^7.1.2",
      "sharp": "^0.23.0",
      "uuid": "^3.2.1",
      "xml2json": "^0.11.2"
    },
    "devDependencies": {
      "@babel/cli": "^7.0.0-beta",
      "@babel/core": "^7.0.0-beta",
      "@babel/plugin-proposal-class-properties": "^7.0.0-beta",
      "@babel/preset-env": "^7.0.0-beta",
      "@babel/preset-react": "^7.0.0-beta",
      "@babel/register": "^7.0.0-beta",
      "babel-polyfill": "^6.26.0",
      "reify": "^0.16.4"
    }
  }

yarn manifest: 
  No manifest

Lockfile: 
  No lockfile
